<?xml version="1.0" encoding="UTF-8"?>
<!-- Generated by org.testng.reporters.JUnitXMLReporter -->
<testsuite hostname="UnworldlySachin" name="Test" tests="1" failures="1" timestamp="14 Sep 2017 15:33:23 GMT" time="8.121" errors="0">
  <testcase name="executeTestCases" time="7.389" classname="testNG.DummyTest">
    <failure type="java.lang.NoSuchMethodException" message="testFunctions.FunctionsLibrary.loginGuru()">
      <![CDATA[java.lang.NoSuchMethodException: testFunctions.FunctionsLibrary.loginGuru()
	at java.lang.Class.getDeclaredMethod(Unknown Source)
	at testNG.DummyTest.executeTestCases(DummyTest.java:46)
... Removed 24 stack frames]]>
    </failure>
  </testcase> <!-- executeTestCases -->
</testsuite> <!-- Test -->
