<?xml version="1.0" encoding="UTF-8"?>
<testng-results skipped="0" failed="0" total="1" passed="1">
  <reporter-output>
  </reporter-output>
  <suite name="Default suite" duration-ms="187283" started-at="2017-09-14T18:51:15Z" finished-at="2017-09-14T18:54:22Z">
    <groups>
    </groups>
    <test name="Default test" duration-ms="187283" started-at="2017-09-14T18:51:15Z" finished-at="2017-09-14T18:54:22Z">
      <class name="testNG.MainTest">
        <test-method status="PASS" signature="beforeClass()[pri:0, instance:testNG.MainTest@46d56d67]" name="beforeClass" is-config="true" duration-ms="616" started-at="2017-09-14T20:51:15Z" finished-at="2017-09-14T20:51:16Z">
          <reporter-output>
          </reporter-output>
        </test-method> <!-- beforeClass -->
        <test-method status="PASS" signature="executeTestCases()[pri:0, instance:testNG.MainTest@46d56d67]" name="executeTestCases" duration-ms="186566" started-at="2017-09-14T20:51:16Z" finished-at="2017-09-14T20:54:22Z">
          <reporter-output>
          </reporter-output>
        </test-method> <!-- executeTestCases -->
        <test-method status="PASS" signature="closeBrowser()[pri:0, instance:testNG.MainTest@46d56d67]" name="closeBrowser" is-config="true" duration-ms="82" started-at="2017-09-14T20:54:22Z" finished-at="2017-09-14T20:54:22Z">
          <reporter-output>
          </reporter-output>
        </test-method> <!-- closeBrowser -->
      </class> <!-- testNG.MainTest -->
    </test> <!-- Default test -->
  </suite> <!-- Default suite -->
</testng-results>
